<?xml version="1.0" encoding="UTF-8"?>
<!-- Generated by org.testng.reporters.JUnitXMLReporter -->
<testsuite ignored="0" hostname="Amit" failures="0" tests="4" name="my tests" time="8.028" errors="0" timestamp="2025-05-30T23:00:27 IST">
  <testcase classname="Selenium.Topic16_TestNGIntegrationAndSetupTestAnnotation.OrangeHRMTest" name="OpenApp" time="4.768"/>
  <testcase classname="Selenium.Topic16_TestNGIntegrationAndSetupTestAnnotation.OrangeHRMTest" name="Logo" time="0.561"/>
  <testcase classname="Selenium.Topic16_TestNGIntegrationAndSetupTestAnnotation.OrangeHRMTest" name="LogiN" time="0.296"/>
  <testcase classname="Selenium.Topic16_TestNGIntegrationAndSetupTestAnnotation.OrangeHRMTest" name="Logout" time="2.326"/>
</testsuite> <!-- my tests -->
