<?xml version="1.0" encoding="UTF-8"?>
<!-- Generated by org.testng.reporters.JUnitXMLReporter -->
<testsuite ignored="0" hostname="Amit" failures="0" tests="2" name="TestNG" time="0.099" errors="0" timestamp="2025-05-30T23:20:47 IST">
  <testcase classname="Selenium.Topic17_TestNGAnnotationsTypesOfAssertions.AnnotationDemo1" name="search" time="0.002"/>
  <testcase classname="Selenium.Topic17_TestNGAnnotationsTypesOfAssertions.AnnotationDemo1" name="advanceSearch" time="0.0"/>
</testsuite> <!-- TestNG -->
