<?xml version="1.0" encoding="UTF-8"?>
<!-- Generated by org.testng.reporters.JUnitXMLReporter -->
<testsuite ignored="0" hostname="Amit" failures="0" tests="3" name="ChromeTest" time="7.774" errors="0" timestamp="2025-06-01T14:52:06 IST">
  <testcase classname="Selenium.Topic19_TestNGDataProvidersAndParallelTesting.paramTest" name="testLogo" time="0.725"/>
  <testcase classname="Selenium.Topic19_TestNGDataProvidersAndParallelTesting.paramTest" name="testTitle" time="0.01"/>
  <testcase classname="Selenium.Topic19_TestNGDataProvidersAndParallelTesting.paramTest" name="testURL" time="0.008"/>
</testsuite> <!-- ChromeTest -->
