<?xml version="1.0" encoding="UTF-8"?>
<!-- Generated by org.testng.reporters.JUnitXMLReporter -->
<testsuite ignored="0" hostname="Amit" failures="0" tests="3" name="Test2" time="0.012" errors="0" timestamp="2025-05-31T17:34:29 IST">
  <testcase classname="Selenium.Topic17_TestNGAnnotationsTypesOfAssertions.day43.C1" name="abc" time="0.001"/>
  <testcase classname="Selenium.Topic17_TestNGAnnotationsTypesOfAssertions.day43.C2" name="xyz" time="0.001"/>
  <testcase classname="Selenium.Topic17_TestNGAnnotationsTypesOfAssertions.day43.C3" name="pqr" time="0.001"/>
</testsuite> <!-- Test2 -->
