<?xml version="1.0" encoding="UTF-8"?>
<testng-results ignored="0" total="4" passed="4" failed="0" skipped="0">
  <reporter-output>
  </reporter-output>
  <suite started-at="2025-05-30T23:00:19 IST" name="mySuite" finished-at="2025-05-30T23:00:27 IST" duration-ms="8028">
    <groups>
    </groups>
    <test started-at="2025-05-30T23:00:19 IST" name="my tests" finished-at="2025-05-30T23:00:27 IST" duration-ms="8028">
      <class name="Selenium.Topic16_TestNGIntegrationAndSetupTestAnnotation.OrangeHRMTest">
        <test-method signature="OpenApp()[pri:1, instance:Selenium.Topic16_TestNGIntegrationAndSetupTestAnnotation.OrangeHRMTest@5656be13]" started-at="2025-05-30T23:00:19 IST" name="OpenApp" finished-at="2025-05-30T23:00:24 IST" duration-ms="4768" status="PASS">
          <reporter-output>
          </reporter-output>
        </test-method> <!-- OpenApp -->
        <test-method signature="Logo()[pri:2, instance:Selenium.Topic16_TestNGIntegrationAndSetupTestAnnotation.OrangeHRMTest@5656be13]" started-at="2025-05-30T23:00:24 IST" name="Logo" finished-at="2025-05-30T23:00:25 IST" duration-ms="561" status="PASS">
          <reporter-output>
          </reporter-output>
        </test-method> <!-- Logo -->
        <test-method signature="LogiN()[pri:3, instance:Selenium.Topic16_TestNGIntegrationAndSetupTestAnnotation.OrangeHRMTest@5656be13]" started-at="2025-05-30T23:00:25 IST" name="LogiN" finished-at="2025-05-30T23:00:25 IST" duration-ms="296" status="PASS">
          <reporter-output>
          </reporter-output>
        </test-method> <!-- LogiN -->
        <test-method signature="Logout()[pri:4, instance:Selenium.Topic16_TestNGIntegrationAndSetupTestAnnotation.OrangeHRMTest@5656be13]" started-at="2025-05-30T23:00:25 IST" name="Logout" finished-at="2025-05-30T23:00:27 IST" duration-ms="2326" status="PASS">
          <reporter-output>
          </reporter-output>
        </test-method> <!-- Logout -->
      </class> <!-- Selenium.Topic16_TestNGIntegrationAndSetupTestAnnotation.OrangeHRMTest -->
    </test> <!-- my tests -->
  </suite> <!-- mySuite -->
</testng-results>
