<?xml version="1.0" encoding="UTF-8"?>
<testng-results ignored="0" total="9" passed="9" failed="0" skipped="0">
  <reporter-output>
  </reporter-output>
  <suite started-at="2025-06-01T14:51:58 IST" name="All Test Suite" finished-at="2025-06-01T14:52:09 IST" duration-ms="11075">
    <groups>
    </groups>
    <test started-at="2025-06-01T14:51:58 IST" name="EdgeTest" finished-at="2025-06-01T14:52:05 IST" duration-ms="7359">
      <class name="Selenium.Topic19_TestNGDataProvidersAndParallelTesting.paramTest">
        <test-method is-config="true" signature="setup(java.lang.String,java.lang.String)[pri:0, instance:Selenium.Topic19_TestNGDataProvidersAndParallelTesting.paramTest@2aceadd4]" started-at="2025-06-01T14:51:58 IST" name="setup" finished-at="2025-06-01T14:52:03 IST" duration-ms="5319" status="PASS">
          <params>
            <param index="0">
              <value>
                <![CDATA[edge]]>
              </value>
            </param>
            <param index="1">
              <value>
                <![CDATA[https://opensource-demo.orangehrmlive.com/web/index.php/auth/login]]>
              </value>
            </param>
          </params>
          <reporter-output>
          </reporter-output>
        </test-method> <!-- setup -->
        <test-method signature="testLogo()[pri:1, instance:Selenium.Topic19_TestNGDataProvidersAndParallelTesting.paramTest@2aceadd4]" started-at="2025-06-01T14:52:03 IST" name="testLogo" finished-at="2025-06-01T14:52:04 IST" duration-ms="569" status="PASS">
          <reporter-output>
          </reporter-output>
        </test-method> <!-- testLogo -->
        <test-method signature="testTitle()[pri:2, instance:Selenium.Topic19_TestNGDataProvidersAndParallelTesting.paramTest@2aceadd4]" started-at="2025-06-01T14:52:04 IST" name="testTitle" finished-at="2025-06-01T14:52:04 IST" duration-ms="16" status="PASS">
          <reporter-output>
          </reporter-output>
        </test-method> <!-- testTitle -->
        <test-method signature="testURL()[pri:3, instance:Selenium.Topic19_TestNGDataProvidersAndParallelTesting.paramTest@2aceadd4]" started-at="2025-06-01T14:52:04 IST" name="testURL" finished-at="2025-06-01T14:52:04 IST" duration-ms="12" status="PASS">
          <reporter-output>
          </reporter-output>
        </test-method> <!-- testURL -->
        <test-method is-config="true" signature="tearDown()[pri:0, instance:Selenium.Topic19_TestNGDataProvidersAndParallelTesting.paramTest@2aceadd4]" started-at="2025-06-01T14:52:04 IST" name="tearDown" finished-at="2025-06-01T14:52:05 IST" duration-ms="1380" status="PASS">
          <reporter-output>
          </reporter-output>
        </test-method> <!-- tearDown -->
      </class> <!-- Selenium.Topic19_TestNGDataProvidersAndParallelTesting.paramTest -->
    </test> <!-- EdgeTest -->
    <test started-at="2025-06-01T14:51:58 IST" name="ChromeTest" finished-at="2025-06-01T14:52:06 IST" duration-ms="7774">
      <class name="Selenium.Topic19_TestNGDataProvidersAndParallelTesting.paramTest">
        <test-method is-config="true" signature="setup(java.lang.String,java.lang.String)[pri:0, instance:Selenium.Topic19_TestNGDataProvidersAndParallelTesting.paramTest@38425407]" started-at="2025-06-01T14:51:58 IST" name="setup" finished-at="2025-06-01T14:52:05 IST" duration-ms="6801" status="PASS">
          <params>
            <param index="0">
              <value>
                <![CDATA[chrome]]>
              </value>
            </param>
            <param index="1">
              <value>
                <![CDATA[https://opensource-demo.orangehrmlive.com/web/index.php/auth/login]]>
              </value>
            </param>
          </params>
          <reporter-output>
          </reporter-output>
        </test-method> <!-- setup -->
        <test-method signature="testLogo()[pri:1, instance:Selenium.Topic19_TestNGDataProvidersAndParallelTesting.paramTest@38425407]" started-at="2025-06-01T14:52:05 IST" name="testLogo" finished-at="2025-06-01T14:52:06 IST" duration-ms="725" status="PASS">
          <reporter-output>
          </reporter-output>
        </test-method> <!-- testLogo -->
        <test-method signature="testTitle()[pri:2, instance:Selenium.Topic19_TestNGDataProvidersAndParallelTesting.paramTest@38425407]" started-at="2025-06-01T14:52:06 IST" name="testTitle" finished-at="2025-06-01T14:52:06 IST" duration-ms="10" status="PASS">
          <reporter-output>
          </reporter-output>
        </test-method> <!-- testTitle -->
        <test-method signature="testURL()[pri:3, instance:Selenium.Topic19_TestNGDataProvidersAndParallelTesting.paramTest@38425407]" started-at="2025-06-01T14:52:06 IST" name="testURL" finished-at="2025-06-01T14:52:06 IST" duration-ms="8" status="PASS">
          <reporter-output>
          </reporter-output>
        </test-method> <!-- testURL -->
        <test-method is-config="true" signature="tearDown()[pri:0, instance:Selenium.Topic19_TestNGDataProvidersAndParallelTesting.paramTest@38425407]" started-at="2025-06-01T14:52:06 IST" name="tearDown" finished-at="2025-06-01T14:52:06 IST" duration-ms="186" status="PASS">
          <reporter-output>
          </reporter-output>
        </test-method> <!-- tearDown -->
      </class> <!-- Selenium.Topic19_TestNGDataProvidersAndParallelTesting.paramTest -->
    </test> <!-- ChromeTest -->
    <test started-at="2025-06-01T14:51:58 IST" name="FirefoxTest" finished-at="2025-06-01T14:52:09 IST" duration-ms="11075">
      <class name="Selenium.Topic19_TestNGDataProvidersAndParallelTesting.paramTest">
        <test-method is-config="true" signature="setup(java.lang.String,java.lang.String)[pri:0, instance:Selenium.Topic19_TestNGDataProvidersAndParallelTesting.paramTest@3a52dba3]" started-at="2025-06-01T14:51:58 IST" name="setup" finished-at="2025-06-01T14:52:07 IST" duration-ms="9367" status="PASS">
          <params>
            <param index="0">
              <value>
                <![CDATA[FIREFOX]]>
              </value>
            </param>
            <param index="1">
              <value>
                <![CDATA[https://opensource-demo.orangehrmlive.com/web/index.php/auth/login]]>
              </value>
            </param>
          </params>
          <reporter-output>
          </reporter-output>
        </test-method> <!-- setup -->
        <test-method signature="testLogo()[pri:1, instance:Selenium.Topic19_TestNGDataProvidersAndParallelTesting.paramTest@3a52dba3]" started-at="2025-06-01T14:52:07 IST" name="testLogo" finished-at="2025-06-01T14:52:08 IST" duration-ms="563" status="PASS">
          <reporter-output>
          </reporter-output>
        </test-method> <!-- testLogo -->
        <test-method signature="testTitle()[pri:2, instance:Selenium.Topic19_TestNGDataProvidersAndParallelTesting.paramTest@3a52dba3]" started-at="2025-06-01T14:52:08 IST" name="testTitle" finished-at="2025-06-01T14:52:08 IST" duration-ms="4" status="PASS">
          <reporter-output>
          </reporter-output>
        </test-method> <!-- testTitle -->
        <test-method signature="testURL()[pri:3, instance:Selenium.Topic19_TestNGDataProvidersAndParallelTesting.paramTest@3a52dba3]" started-at="2025-06-01T14:52:08 IST" name="testURL" finished-at="2025-06-01T14:52:08 IST" duration-ms="4" status="PASS">
          <reporter-output>
          </reporter-output>
        </test-method> <!-- testURL -->
        <test-method is-config="true" signature="tearDown()[pri:0, instance:Selenium.Topic19_TestNGDataProvidersAndParallelTesting.paramTest@3a52dba3]" started-at="2025-06-01T14:52:08 IST" name="tearDown" finished-at="2025-06-01T14:52:09 IST" duration-ms="1094" status="PASS">
          <reporter-output>
          </reporter-output>
        </test-method> <!-- tearDown -->
      </class> <!-- Selenium.Topic19_TestNGDataProvidersAndParallelTesting.paramTest -->
    </test> <!-- FirefoxTest -->
  </suite> <!-- All Test Suite -->
</testng-results>
