<?xml version="1.0" encoding="UTF-8"?>
<!-- Generated by org.testng.reporters.JUnitXMLReporter -->
<testsuite ignored="2" hostname="Amit" failures="0" tests="6" name="groupingTests" time="0.088" errors="0" timestamp="2025-05-31T23:30:52 IST">
  <testcase classname="Selenium.Topic18_TestNGDependencyMethodGroupingTests.LoginTest" name="loginByEmail" time="0.009"/>
  <testcase classname="Selenium.Topic18_TestNGDependencyMethodGroupingTests.LoginTest" name="loginByFacebook" time="0.0"/>
  <testcase classname="Selenium.Topic18_TestNGDependencyMethodGroupingTests.LoginTest" name="loginByTwitter" time="0.0"/>
  <testcase classname="Selenium.Topic18_TestNGDependencyMethodGroupingTests.SignUpTest" name="SignupByEmail" time="0.001"/>
  <testcase classname="Selenium.Topic18_TestNGDependencyMethodGroupingTests.SignUpTest" name="SignupByFacebook" time="0.001"/>
  <testcase classname="Selenium.Topic18_TestNGDependencyMethodGroupingTests.SignUpTest" name="SignupByTwitter" time="0.001"/>
  <testcase classname="Selenium.Topic18_TestNGDependencyMethodGroupingTests.PaymentTest" name="paymentInDollars" time="0.0">
    <ignored/>
  </testcase> <!-- paymentInDollars -->
  <testcase classname="Selenium.Topic18_TestNGDependencyMethodGroupingTests.PaymentTest" name="paymentInRupees" time="0.0">
    <ignored/>
  </testcase> <!-- paymentInRupees -->
</testsuite> <!-- groupingTests -->
